(Not all processes could be identified, non-owned process info
 will not be shown, you would have to be root to see it all.)
(Not all processes could be identified, non-owned process info
 will not be shown, you would have to be root to see it all.)
(Not all processes could be identified, non-owned process info
 will not be shown, you would have to be root to see it all.)
(Not all processes could be identified, non-owned process info
 will not be shown, you would have to be root to see it all.)
(Not all processes could be identified, non-owned process info
 will not be shown, you would have to be root to see it all.)
(Not all processes could be identified, non-owned process info
 will not be shown, you would have to be root to see it all.)
(Not all processes could be identified, non-owned process info
 will not be shown, you would have to be root to see it all.)
Traceback (most recent call last):
  File "/home/interdrive/Documents/iDrive/pCamera.py", line 23, in <module>
    Publisher = iServer.Publisher('0.0.0.0',Port) #should be created before accessing camera, to kill the process if already in use
  File "/home/interdrive/Documents/iDrive/iServer.py", line 15, in __init__
    iOS.KillProcessOnPort(int(Port))
  File "/home/interdrive/Documents/iDrive/iOS.py", line 28, in KillProcessOnPort
    EndProcess(PID)
  File "/home/interdrive/Documents/iDrive/iOS.py", line 146, in EndProcess
    os.kill(int(ProcessID), signal.SIGKILL) 
ValueError: invalid literal for int() with base 10: '-                   '
Exception ignored in: <_io.TextIOWrapper name='<stdout>' mode='w' encoding='utf-8'>
BrokenPipeError: [Errno 32] Broken pipe
Killed
(Not all processes could be identified, non-owned process info
 will not be shown, you would have to be root to see it all.)
Traceback (most recent call last):
  File "/home/interdrive/Documents/iDrive/pCamera.py", line 23, in <module>
    Publisher = iServer.Publisher('0.0.0.0',Port) #should be created before accessing camera, to kill the process if already in use
  File "/home/interdrive/Documents/iDrive/iServer.py", line 14, in __init__
    iOS.KillProcessOnPort(int(Port))
  File "/home/interdrive/Documents/iDrive/iOS.py", line 28, in KillProcessOnPort
    EndProcess(PID)
  File "/home/interdrive/Documents/iDrive/iOS.py", line 146, in EndProcess
    os.kill(int(ProcessID), signal.SIGKILL) 
ValueError: invalid literal for int() with base 10: '-                   '
(Not all processes could be identified, non-owned process info
 will not be shown, you would have to be root to see it all.)
(Not all processes could be identified, non-owned process info
 will not be shown, you would have to be root to see it all.)
(Not all processes could be identified, non-owned process info
 will not be shown, you would have to be root to see it all.)
(Not all processes could be identified, non-owned process info
 will not be shown, you would have to be root to see it all.)
Killed
Traceback (most recent call last):
  File "/home/interdrive/Documents/iDrive/pCamera.py", line 23, in <module>
    Publisher = iServer.Publisher('0.0.0.0',Port) #should be created before accessing camera, to kill the process if already in use
  File "/home/interdrive/Documents/iDrive/iServer.py", line 15, in __init__
    iOS.KillProcessOnPort(int(Port))
  File "/home/interdrive/Documents/iDrive/iOS.py", line 28, in KillProcessOnPort
    EndProcess(PID)
  File "/home/interdrive/Documents/iDrive/iOS.py", line 146, in EndProcess
    os.kill(int(ProcessID), signal.SIGKILL) 
ValueError: invalid literal for int() with base 10: '-                   '
Exception ignored in: <_io.TextIOWrapper name='<stdout>' mode='w' encoding='utf-8'>
BrokenPipeError: [Errno 32] Broken pipe
(Not all processes could be identified, non-owned process info
 will not be shown, you would have to be root to see it all.)
(Not all processes could be identified, non-owned process info
 will not be shown, you would have to be root to see it all.)
Traceback (most recent call last):
  File "/home/interdrive/Documents/iDrive/pCamera.py", line 23, in <module>
    Publisher = iServer.Publisher('0.0.0.0',Port) #should be created before accessing camera, to kill the process if already in use
  File "/home/interdrive/Documents/iDrive/iServer.py", line 14, in __init__
    iOS.KillProcessOnPort(int(Port))
  File "/home/interdrive/Documents/iDrive/iOS.py", line 28, in KillProcessOnPort
    EndProcess(PID)
  File "/home/interdrive/Documents/iDrive/iOS.py", line 146, in EndProcess
    os.kill(int(ProcessID), signal.SIGKILL) 
ValueError: invalid literal for int() with base 10: '-                   '
(Not all processes could be identified, non-owned process info
 will not be shown, you would have to be root to see it all.)
(Not all processes could be identified, non-owned process info
 will not be shown, you would have to be root to see it all.)
(Not all processes could be identified, non-owned process info
 will not be shown, you would have to be root to see it all.)
Traceback (most recent call last):
  File "/home/interdrive/Documents/iDrive/pCamera.py", line 23, in <module>
    Publisher = iServer.Publisher('0.0.0.0',Port) #should be created before accessing camera, to kill the process if already in use
  File "/home/interdrive/Documents/iDrive/iServer.py", line 15, in __init__
    iOS.KillProcessOnPort(int(Port))
  File "/home/interdrive/Documents/iDrive/iOS.py", line 28, in KillProcessOnPort
    EndProcess(PID)
  File "/home/interdrive/Documents/iDrive/iOS.py", line 146, in EndProcess
    os.kill(int(ProcessID), signal.SIGKILL) 
ValueError: invalid literal for int() with base 10: '-                   '
Exception ignored in: <_io.TextIOWrapper name='<stdout>' mode='w' encoding='utf-8'>
BrokenPipeError: [Errno 32] Broken pipe
Killed
(Not all processes could be identified, non-owned process info
 will not be shown, you would have to be root to see it all.)
Traceback (most recent call last):
  File "/home/interdrive/Documents/iDrive/pCamera.py", line 23, in <module>
    Publisher = iServer.Publisher('0.0.0.0',Port) #should be created before accessing camera, to kill the process if already in use
  File "/home/interdrive/Documents/iDrive/iServer.py", line 14, in __init__
    iOS.KillProcessOnPort(int(Port))
  File "/home/interdrive/Documents/iDrive/iOS.py", line 28, in KillProcessOnPort
    EndProcess(PID)
  File "/home/interdrive/Documents/iDrive/iOS.py", line 146, in EndProcess
    os.kill(int(ProcessID), signal.SIGKILL) 
ValueError: invalid literal for int() with base 10: '-                   '
(Not all processes could be identified, non-owned process info
 will not be shown, you would have to be root to see it all.)
(Not all processes could be identified, non-owned process info
 will not be shown, you would have to be root to see it all.)
(Not all processes could be identified, non-owned process info
 will not be shown, you would have to be root to see it all.)
(Not all processes could be identified, non-owned process info
 will not be shown, you would have to be root to see it all.)
Traceback (most recent call last):
  File "/home/interdrive/Documents/iDrive/pCamera.py", line 23, in <module>
    Publisher = iServer.Publisher('0.0.0.0',Port) #should be created before accessing camera, to kill the process if already in use
  File "/home/interdrive/Documents/iDrive/iServer.py", line 15, in __init__
    iOS.KillProcessOnPort(int(Port))
  File "/home/interdrive/Documents/iDrive/iOS.py", line 28, in KillProcessOnPort
    EndProcess(PID)
  File "/home/interdrive/Documents/iDrive/iOS.py", line 146, in EndProcess
    os.kill(int(ProcessID), signal.SIGKILL) 
ValueError: invalid literal for int() with base 10: '-                   '
Exception ignored in: <_io.TextIOWrapper name='<stdout>' mode='w' encoding='utf-8'>
BrokenPipeError: [Errno 32] Broken pipe
Killed
(Not all processes could be identified, non-owned process info
 will not be shown, you would have to be root to see it all.)
(Not all processes could be identified, non-owned process info
 will not be shown, you would have to be root to see it all.)
Traceback (most recent call last):
  File "/home/interdrive/Documents/iDrive/pCamera.py", line 23, in <module>
    Publisher = iServer.Publisher('0.0.0.0',Port) #should be created before accessing camera, to kill the process if already in use
  File "/home/interdrive/Documents/iDrive/iServer.py", line 14, in __init__
    iOS.KillProcessOnPort(int(Port))
  File "/home/interdrive/Documents/iDrive/iOS.py", line 28, in KillProcessOnPort
    EndProcess(PID)
  File "/home/interdrive/Documents/iDrive/iOS.py", line 146, in EndProcess
    os.kill(int(ProcessID), signal.SIGKILL) 
ValueError: invalid literal for int() with base 10: '-                   '
(Not all processes could be identified, non-owned process info
 will not be shown, you would have to be root to see it all.)
(Not all processes could be identified, non-owned process info
 will not be shown, you would have to be root to see it all.)
(Not all processes could be identified, non-owned process info
 will not be shown, you would have to be root to see it all.)
Traceback (most recent call last):
  File "/home/interdrive/Documents/iDrive/pCamera.py", line 23, in <module>
    Publisher = iServer.Publisher('0.0.0.0',Port) #should be created before accessing camera, to kill the process if already in use
  File "/home/interdrive/Documents/iDrive/iServer.py", line 15, in __init__
    iOS.KillProcessOnPort(int(Port))
  File "/home/interdrive/Documents/iDrive/iOS.py", line 28, in KillProcessOnPort
    EndProcess(PID)
  File "/home/interdrive/Documents/iDrive/iOS.py", line 146, in EndProcess
    os.kill(int(ProcessID), signal.SIGKILL) 
ValueError: invalid literal for int() with base 10: '-                   '
Exception ignored in: <_io.TextIOWrapper name='<stdout>' mode='w' encoding='utf-8'>
BrokenPipeError: [Errno 32] Broken pipe
(Not all processes could be identified, non-owned process info
 will not be shown, you would have to be root to see it all.)
Killed
Traceback (most recent call last):
  File "/home/interdrive/Documents/iDrive/pCamera.py", line 23, in <module>
    Publisher = iServer.Publisher('0.0.0.0',Port) #should be created before accessing camera, to kill the process if already in use
  File "/home/interdrive/Documents/iDrive/iServer.py", line 14, in __init__
    iOS.KillProcessOnPort(int(Port))
  File "/home/interdrive/Documents/iDrive/iOS.py", line 28, in KillProcessOnPort
    EndProcess(PID)
  File "/home/interdrive/Documents/iDrive/iOS.py", line 146, in EndProcess
    os.kill(int(ProcessID), signal.SIGKILL) 
ValueError: invalid literal for int() with base 10: '-                   '
Traceback (most recent call last):
  File "/home/interdrive/Documents/iDrive/pCamera.py", line 23, in <module>
    Publisher = iServer.Publisher('0.0.0.0',Port) #should be created before accessing camera, to kill the process if already in use
  File "/home/interdrive/Documents/iDrive/iServer.py", line 14, in __init__
    iOS.KillProcessOnPort(int(Port))
  File "/home/interdrive/Documents/iDrive/iOS.py", line 28, in KillProcessOnPort
    EndProcess(PID)
  File "/home/interdrive/Documents/iDrive/iOS.py", line 146, in EndProcess
    os.kill(int(ProcessID), signal.SIGKILL) 
ValueError: invalid literal for int() with base 10: '-                   '
(Not all processes could be identified, non-owned process info
 will not be shown, you would have to be root to see it all.)
(Not all processes could be identified, non-owned process info
 will not be shown, you would have to be root to see it all.)
(Not all processes could be identified, non-owned process info
 will not be shown, you would have to be root to see it all.)
(Not all processes could be identified, non-owned process info
 will not be shown, you would have to be root to see it all.)
(Not all processes could be identified, non-owned process info
 will not be shown, you would have to be root to see it all.)
(Not all processes could be identified, non-owned process info
 will not be shown, you would have to be root to see it all.)
(Not all processes could be identified, non-owned process info
 will not be shown, you would have to be root to see it all.)
(Not all processes could be identified, non-owned process info
 will not be shown, you would have to be root to see it all.)
Traceback (most recent call last):
  File "/home/interdrive/Documents/iDrive/pCamera.py", line 23, in <module>
    Publisher = iServer.Publisher('0.0.0.0',Port) #should be created before accessing camera, to kill the process if already in use
  File "/home/interdrive/Documents/iDrive/iServer.py", line 15, in __init__
    iOS.KillProcessOnPort(int(Port))
  File "/home/interdrive/Documents/iDrive/iOS.py", line 28, in KillProcessOnPort
    EndProcess(PID)
  File "/home/interdrive/Documents/iDrive/iOS.py", line 146, in EndProcess
    os.kill(int(ProcessID), signal.SIGKILL) 
ValueError: invalid literal for int() with base 10: '-                   '
Exception ignored in: <_io.TextIOWrapper name='<stdout>' mode='w' encoding='utf-8'>
BrokenPipeError: [Errno 32] Broken pipe
Killed
Traceback (most recent call last):
  File "/home/interdrive/Documents/iDrive/pCamera.py", line 23, in <module>
    Publisher = iServer.Publisher('0.0.0.0',Port) #should be created before accessing camera, to kill the process if already in use
  File "/home/interdrive/Documents/iDrive/iServer.py", line 14, in __init__
    iOS.KillProcessOnPort(int(Port))
  File "/home/interdrive/Documents/iDrive/iOS.py", line 28, in KillProcessOnPort
    EndProcess(PID)
  File "/home/interdrive/Documents/iDrive/iOS.py", line 146, in EndProcess
    os.kill(int(ProcessID), signal.SIGKILL) 
ValueError: invalid literal for int() with base 10: '-                   '
(Not all processes could be identified, non-owned process info
 will not be shown, you would have to be root to see it all.)
Traceback (most recent call last):
  File "/home/interdrive/Documents/iDrive/pCamera.py", line 23, in <module>
    Publisher = iServer.Publisher('0.0.0.0',Port) #should be created before accessing camera, to kill the process if already in use
  File "/home/interdrive/Documents/iDrive/iServer.py", line 14, in __init__
    iOS.KillProcessOnPort(int(Port))
  File "/home/interdrive/Documents/iDrive/iOS.py", line 28, in KillProcessOnPort
    EndProcess(PID)
  File "/home/interdrive/Documents/iDrive/iOS.py", line 146, in EndProcess
    os.kill(int(ProcessID), signal.SIGKILL) 
ValueError: invalid literal for int() with base 10: '-                   '
(Not all processes could be identified, non-owned process info
 will not be shown, you would have to be root to see it all.)
(Not all processes could be identified, non-owned process info
 will not be shown, you would have to be root to see it all.)
(Not all processes could be identified, non-owned process info
 will not be shown, you would have to be root to see it all.)
(Not all processes could be identified, non-owned process info
 will not be shown, you would have to be root to see it all.)
Traceback (most recent call last):
  File "/home/interdrive/Documents/iDrive/pCamera.py", line 23, in <module>
    Publisher = iServer.Publisher('0.0.0.0',Port) #should be created before accessing camera, to kill the process if already in use
  File "/home/interdrive/Documents/iDrive/iServer.py", line 15, in __init__
    iOS.KillProcessOnPort(int(Port))
  File "/home/interdrive/Documents/iDrive/iOS.py", line 28, in KillProcessOnPort
    EndProcess(PID)
  File "/home/interdrive/Documents/iDrive/iOS.py", line 146, in EndProcess
    os.kill(int(ProcessID), signal.SIGKILL) 
ValueError: invalid literal for int() with base 10: '-                   '
Exception ignored in: <_io.TextIOWrapper name='<stdout>' mode='w' encoding='utf-8'>
BrokenPipeError: [Errno 32] Broken pipe
Killed
(Not all processes could be identified, non-owned process info
 will not be shown, you would have to be root to see it all.)
Traceback (most recent call last):
  File "/home/interdrive/Documents/iDrive/pCamera.py", line 23, in <module>
    Publisher = iServer.Publisher('0.0.0.0',Port) #should be created before accessing camera, to kill the process if already in use
  File "/home/interdrive/Documents/iDrive/iServer.py", line 14, in __init__
    iOS.KillProcessOnPort(int(Port))
  File "/home/interdrive/Documents/iDrive/iOS.py", line 28, in KillProcessOnPort
    EndProcess(PID)
  File "/home/interdrive/Documents/iDrive/iOS.py", line 146, in EndProcess
    os.kill(int(ProcessID), signal.SIGKILL) 
ValueError: invalid literal for int() with base 10: '-                   '
(Not all processes could be identified, non-owned process info
 will not be shown, you would have to be root to see it all.)
(Not all processes could be identified, non-owned process info
 will not be shown, you would have to be root to see it all.)
(Not all processes could be identified, non-owned process info
 will not be shown, you would have to be root to see it all.)
(Not all processes could be identified, non-owned process info
 will not be shown, you would have to be root to see it all.)
Traceback (most recent call last):
  File "/home/interdrive/Documents/iDrive/pCamera.py", line 23, in <module>
    Publisher = iServer.Publisher('0.0.0.0',Port) #should be created before accessing camera, to kill the process if already in use
  File "/home/interdrive/Documents/iDrive/iServer.py", line 15, in __init__
    iOS.KillProcessOnPort(int(Port))
  File "/home/interdrive/Documents/iDrive/iOS.py", line 28, in KillProcessOnPort
    EndProcess(PID)
  File "/home/interdrive/Documents/iDrive/iOS.py", line 146, in EndProcess
    os.kill(int(ProcessID), signal.SIGKILL) 
ValueError: invalid literal for int() with base 10: '-                   '
Exception ignored in: <_io.TextIOWrapper name='<stdout>' mode='w' encoding='utf-8'>
BrokenPipeError: [Errno 32] Broken pipe
Killed
(Not all processes could be identified, non-owned process info
 will not be shown, you would have to be root to see it all.)
(Not all processes could be identified, non-owned process info
 will not be shown, you would have to be root to see it all.)
Traceback (most recent call last):
  File "/home/interdrive/Documents/iDrive/pCamera.py", line 23, in <module>
    Publisher = iServer.Publisher('0.0.0.0',Port) #should be created before accessing camera, to kill the process if already in use
  File "/home/interdrive/Documents/iDrive/iServer.py", line 14, in __init__
    iOS.KillProcessOnPort(int(Port))
  File "/home/interdrive/Documents/iDrive/iOS.py", line 28, in KillProcessOnPort
    EndProcess(PID)
  File "/home/interdrive/Documents/iDrive/iOS.py", line 146, in EndProcess
    os.kill(int(ProcessID), signal.SIGKILL) 
ValueError: invalid literal for int() with base 10: '-                   '
(Not all processes could be identified, non-owned process info
 will not be shown, you would have to be root to see it all.)
(Not all processes could be identified, non-owned process info
 will not be shown, you would have to be root to see it all.)
(Not all processes could be identified, non-owned process info
 will not be shown, you would have to be root to see it all.)
Traceback (most recent call last):
  File "/home/interdrive/Documents/iDrive/pCamera.py", line 23, in <module>
    Publisher = iServer.Publisher('0.0.0.0',Port) #should be created before accessing camera, to kill the process if already in use
  File "/home/interdrive/Documents/iDrive/iServer.py", line 15, in __init__
    iOS.KillProcessOnPort(int(Port))
  File "/home/interdrive/Documents/iDrive/iOS.py", line 28, in KillProcessOnPort
    EndProcess(PID)
  File "/home/interdrive/Documents/iDrive/iOS.py", line 146, in EndProcess
    os.kill(int(ProcessID), signal.SIGKILL) 
ValueError: invalid literal for int() with base 10: '-                   '
Exception ignored in: <_io.TextIOWrapper name='<stdout>' mode='w' encoding='utf-8'>
BrokenPipeError: [Errno 32] Broken pipe
Killed
(Not all processes could be identified, non-owned process info
 will not be shown, you would have to be root to see it all.)
Traceback (most recent call last):
  File "/home/interdrive/Documents/iDrive/pCamera.py", line 23, in <module>
    Publisher = iServer.Publisher('0.0.0.0',Port) #should be created before accessing camera, to kill the process if already in use
  File "/home/interdrive/Documents/iDrive/iServer.py", line 14, in __init__
    iOS.KillProcessOnPort(int(Port))
  File "/home/interdrive/Documents/iDrive/iOS.py", line 28, in KillProcessOnPort
    EndProcess(PID)
  File "/home/interdrive/Documents/iDrive/iOS.py", line 146, in EndProcess
    os.kill(int(ProcessID), signal.SIGKILL) 
ValueError: invalid literal for int() with base 10: '-                   '
(Not all processes could be identified, non-owned process info
 will not be shown, you would have to be root to see it all.)
(Not all processes could be identified, non-owned process info
 will not be shown, you would have to be root to see it all.)
(Not all processes could be identified, non-owned process info
 will not be shown, you would have to be root to see it all.)
(Not all processes could be identified, non-owned process info
 will not be shown, you would have to be root to see it all.)
Traceback (most recent call last):
  File "/home/interdrive/Documents/iDrive/pCamera.py", line 23, in <module>
    Publisher = iServer.Publisher('0.0.0.0',Port) #should be created before accessing camera, to kill the process if already in use
  File "/home/interdrive/Documents/iDrive/iServer.py", line 15, in __init__
    iOS.KillProcessOnPort(int(Port))
  File "/home/interdrive/Documents/iDrive/iOS.py", line 28, in KillProcessOnPort
    EndProcess(PID)
  File "/home/interdrive/Documents/iDrive/iOS.py", line 146, in EndProcess
    os.kill(int(ProcessID), signal.SIGKILL) 
ValueError: invalid literal for int() with base 10: '-                   '
Exception ignored in: <_io.TextIOWrapper name='<stdout>' mode='w' encoding='utf-8'>
BrokenPipeError: [Errno 32] Broken pipe
(Not all processes could be identified, non-owned process info
 will not be shown, you would have to be root to see it all.)
Traceback (most recent call last):
  File "/home/interdrive/Documents/iDrive/pCamera.py", line 23, in <module>
    Publisher = iServer.Publisher('0.0.0.0',Port) #should be created before accessing camera, to kill the process if already in use
  File "/home/interdrive/Documents/iDrive/iServer.py", line 14, in __init__
    iOS.KillProcessOnPort(int(Port))
  File "/home/interdrive/Documents/iDrive/iOS.py", line 28, in KillProcessOnPort
    EndProcess(PID)
  File "/home/interdrive/Documents/iDrive/iOS.py", line 146, in EndProcess
    os.kill(int(ProcessID), signal.SIGKILL) 
ValueError: invalid literal for int() with base 10: '-                   '
Killed
Traceback (most recent call last):
  File "/home/interdrive/Documents/iDrive/pCamera.py", line 23, in <module>
    Publisher = iServer.Publisher('0.0.0.0',Port) #should be created before accessing camera, to kill the process if already in use
  File "/home/interdrive/Documents/iDrive/iServer.py", line 14, in __init__
    iOS.KillProcessOnPort(int(Port))
  File "/home/interdrive/Documents/iDrive/iOS.py", line 28, in KillProcessOnPort
    EndProcess(PID)
  File "/home/interdrive/Documents/iDrive/iOS.py", line 146, in EndProcess
    os.kill(int(ProcessID), signal.SIGKILL) 
ValueError: invalid literal for int() with base 10: '-                   '
Killed
(Not all processes could be identified, non-owned process info
 will not be shown, you would have to be root to see it all.)
(Not all processes could be identified, non-owned process info
 will not be shown, you would have to be root to see it all.)
(Not all processes could be identified, non-owned process info
 will not be shown, you would have to be root to see it all.)
(Not all processes could be identified, non-owned process info
 will not be shown, you would have to be root to see it all.)
(Not all processes could be identified, non-owned process info
 will not be shown, you would have to be root to see it all.)
(Not all processes could be identified, non-owned process info
 will not be shown, you would have to be root to see it all.)
(Not all processes could be identified, non-owned process info
 will not be shown, you would have to be root to see it all.)
Traceback (most recent call last):
  File "/home/interdrive/Documents/iDrive/pCamera.py", line 23, in <module>
    Publisher = iServer.Publisher('0.0.0.0',Port) #should be created before accessing camera, to kill the process if already in use
  File "/home/interdrive/Documents/iDrive/iServer.py", line 15, in __init__
    iOS.KillProcessOnPort(int(Port))
  File "/home/interdrive/Documents/iDrive/iOS.py", line 28, in KillProcessOnPort
    EndProcess(PID)
  File "/home/interdrive/Documents/iDrive/iOS.py", line 146, in EndProcess
    os.kill(int(ProcessID), signal.SIGKILL) 
ValueError: invalid literal for int() with base 10: '-                   '
Exception ignored in: <_io.TextIOWrapper name='<stdout>' mode='w' encoding='utf-8'>
BrokenPipeError: [Errno 32] Broken pipe
Killed
(Not all processes could be identified, non-owned process info
 will not be shown, you would have to be root to see it all.)
Traceback (most recent call last):
  File "/home/interdrive/Documents/iDrive/pCamera.py", line 23, in <module>
    Publisher = iServer.Publisher('0.0.0.0',Port) #should be created before accessing camera, to kill the process if already in use
  File "/home/interdrive/Documents/iDrive/iServer.py", line 14, in __init__
    iOS.KillProcessOnPort(int(Port))
  File "/home/interdrive/Documents/iDrive/iOS.py", line 28, in KillProcessOnPort
    EndProcess(PID)
  File "/home/interdrive/Documents/iDrive/iOS.py", line 146, in EndProcess
    os.kill(int(ProcessID), signal.SIGKILL) 
ValueError: invalid literal for int() with base 10: '-                   '
(Not all processes could be identified, non-owned process info
 will not be shown, you would have to be root to see it all.)
(Not all processes could be identified, non-owned process info
 will not be shown, you would have to be root to see it all.)
(Not all processes could be identified, non-owned process info
 will not be shown, you would have to be root to see it all.)
Traceback (most recent call last):
  File "/home/interdrive/Documents/iDrive/pCamera.py", line 23, in <module>
    Publisher = iServer.Publisher('0.0.0.0',Port) #should be created before accessing camera, to kill the process if already in use
  File "/home/interdrive/Documents/iDrive/iServer.py", line 15, in __init__
    iOS.KillProcessOnPort(int(Port))
  File "/home/interdrive/Documents/iDrive/iOS.py", line 28, in KillProcessOnPort
    EndProcess(PID)
  File "/home/interdrive/Documents/iDrive/iOS.py", line 146, in EndProcess
    os.kill(int(ProcessID), signal.SIGKILL) 
ValueError: invalid literal for int() with base 10: '-                   '
Exception ignored in: <_io.TextIOWrapper name='<stdout>' mode='w' encoding='utf-8'>
BrokenPipeError: [Errno 32] Broken pipe
(Not all processes could be identified, non-owned process info
 will not be shown, you would have to be root to see it all.)
Killed
Traceback (most recent call last):
  File "/home/interdrive/Documents/iDrive/pCamera.py", line 23, in <module>
    Publisher = iServer.Publisher('0.0.0.0',Port) #should be created before accessing camera, to kill the process if already in use
  File "/home/interdrive/Documents/iDrive/iServer.py", line 14, in __init__
    iOS.KillProcessOnPort(int(Port))
  File "/home/interdrive/Documents/iDrive/iOS.py", line 28, in KillProcessOnPort
    EndProcess(PID)
  File "/home/interdrive/Documents/iDrive/iOS.py", line 146, in EndProcess
    os.kill(int(ProcessID), signal.SIGKILL) 
ValueError: invalid literal for int() with base 10: '-                   '
